Copyright 1986-2021 Xilinx, Inc. All Rights Reserved.
-------------------------------------------------------------------------------------------------------------------------------------------
| Tool Version     : Vivado v.2021.2 (lin64) Build 3367213 Tue Oct 19 02:47:39 MDT 2021
| Date             : Sat May 28 14:16:41 2022
| Host             : mlyue running 64-bit Arch Linux
| Command          : report_power -file MAC_top_power_routed.rpt -pb MAC_top_power_summary_routed.pb -rpx MAC_top_power_routed.rpx
| Design           : MAC_top
| Device           : xc7a200tfbv484-2
| Design State     : routed
| Grade            : commercial
| Process          : typical
| Characterization : Production
-------------------------------------------------------------------------------------------------------------------------------------------

Power Report

Table of Contents
-----------------
1. Summary
1.1 On-Chip Components
1.2 Power Supply Summary
1.3 Confidence Level
2. Settings
2.1 Environment
2.2 Clock Constraints
3. Detailed Reports
3.1 By Hierarchy

1. Summary
----------

+--------------------------+--------------+
| Total On-Chip Power (W)  | 0.241        |
| Design Power Budget (W)  | Unspecified* |
| Power Budget Margin (W)  | NA           |
| Dynamic (W)              | 0.109        |
| Device Static (W)        | 0.131        |
| Effective TJA (C/W)      | 2.5          |
| Max Ambient (C)          | 84.4         |
| Junction Temperature (C) | 25.6         |
| Confidence Level         | Low          |
| Setting File             | ---          |
| Simulation Activity File | ---          |
| Design Nets Matched      | NA           |
+--------------------------+--------------+
* Specify Design Power Budget using, set_operating_conditions -design_power_budget <value in Watts>


1.1 On-Chip Components
----------------------

+-------------------------+-----------+----------+-----------+-----------------+
| On-Chip                 | Power (W) | Used     | Available | Utilization (%) |
+-------------------------+-----------+----------+-----------+-----------------+
| Clocks                  |     0.002 |        7 |       --- |             --- |
| Slice Logic             |    <0.001 |     1268 |       --- |             --- |
|   LUT as Logic          |    <0.001 |      337 |    133800 |            0.25 |
|   BUFG                  |    <0.001 |        4 |        32 |           12.50 |
|   CARRY4                |    <0.001 |       34 |     33450 |            0.10 |
|   Register              |    <0.001 |      654 |    269200 |            0.24 |
|   F7/F8 Muxes           |    <0.001 |        1 |    133800 |           <0.01 |
|   Others                |     0.000 |      151 |       --- |             --- |
|   LUT as Shift Register |     0.000 |       11 |     46200 |            0.02 |
| Signals                 |     0.001 |     1017 |       --- |             --- |
| Block RAM               |    <0.001 |        3 |       365 |            0.82 |
| PLL                     |     0.103 |        1 |        10 |           10.00 |
| I/O                     |     0.002 |      193 |       285 |           67.72 |
| Static Power            |     0.131 |          |           |                 |
| Total                   |     0.241 |          |           |                 |
+-------------------------+-----------+----------+-----------+-----------------+


1.2 Power Supply Summary
------------------------

+-----------+-------------+-----------+-------------+------------+-------------+-------------+------------+
| Source    | Voltage (V) | Total (A) | Dynamic (A) | Static (A) | Powerup (A) | Budget (A)  | Margin (A) |
+-----------+-------------+-----------+-------------+------------+-------------+-------------+------------+
| Vccint    |       1.000 |     0.043 |       0.012 |      0.031 |       NA    | Unspecified | NA         |
| Vccaux    |       1.800 |     0.084 |       0.054 |      0.031 |       NA    | Unspecified | NA         |
| Vcco33    |       3.300 |     0.000 |       0.000 |      0.000 |       NA    | Unspecified | NA         |
| Vcco25    |       2.500 |     0.000 |       0.000 |      0.000 |       NA    | Unspecified | NA         |
| Vcco18    |       1.800 |     0.006 |       0.001 |      0.005 |       NA    | Unspecified | NA         |
| Vcco15    |       1.500 |     0.000 |       0.000 |      0.000 |       NA    | Unspecified | NA         |
| Vcco135   |       1.350 |     0.000 |       0.000 |      0.000 |       NA    | Unspecified | NA         |
| Vcco12    |       1.200 |     0.000 |       0.000 |      0.000 |       NA    | Unspecified | NA         |
| Vccaux_io |       1.800 |     0.000 |       0.000 |      0.000 |       NA    | Unspecified | NA         |
| Vccbram   |       1.000 |     0.001 |       0.000 |      0.001 |       NA    | Unspecified | NA         |
| MGTAVcc   |       1.000 |     0.000 |       0.000 |      0.000 |       NA    | Unspecified | NA         |
| MGTAVtt   |       1.200 |     0.000 |       0.000 |      0.000 |       NA    | Unspecified | NA         |
| Vccadc    |       1.800 |     0.020 |       0.000 |      0.020 |       NA    | Unspecified | NA         |
+-----------+-------------+-----------+-------------+------------+-------------+-------------+------------+


1.3 Confidence Level
--------------------

+-----------------------------+------------+--------------------------------------------------------+--------------------------------------------------------------------------------------------------------------------+
| User Input Data             | Confidence | Details                                                | Action                                                                                                             |
+-----------------------------+------------+--------------------------------------------------------+--------------------------------------------------------------------------------------------------------------------+
| Design implementation state | High       | Design is routed                                       |                                                                                                                    |
| Clock nodes activity        | Low        | User specified less than 75% of clocks                 | Provide missing clock activity with a constraint file, simulation results or by editing the "By Clock Domain" view |
| I/O nodes activity          | Low        | More than 75% of inputs are missing user specification | Provide missing input activity with simulation results or by editing the "By Resource Type -> I/Os" view           |
| Internal nodes activity     | Medium     | User specified less than 25% of internal nodes         | Provide missing internal nodes activity with simulation results or by editing the "By Resource Type" views         |
| Device models               | High       | Device models are Production                           |                                                                                                                    |
|                             |            |                                                        |                                                                                                                    |
| Overall confidence level    | Low        |                                                        |                                                                                                                    |
+-----------------------------+------------+--------------------------------------------------------+--------------------------------------------------------------------------------------------------------------------+


2. Settings
-----------

2.1 Environment
---------------

+-----------------------+--------------------------+
| Ambient Temp (C)      | 25.0                     |
| ThetaJA (C/W)         | 2.5                      |
| Airflow (LFM)         | 250                      |
| Heat Sink             | medium (Medium Profile)  |
| ThetaSA (C/W)         | 4.2                      |
| Board Selection       | medium (10"x10")         |
| # of Board Layers     | 12to15 (12 to 15 Layers) |
| Board Temperature (C) | 25.0                     |
+-----------------------+--------------------------+


2.2 Clock Constraints
---------------------

+------------------+---------------------------------------------------+-----------------+
| Clock            | Domain                                            | Constraint (ns) |
+------------------+---------------------------------------------------+-----------------+
| clk_10M_pll_mac  | clock_ctl_inst/pll_mac_inst/inst/clk_10M_pll_mac  |           100.0 |
| clk_125M_pll_mac | clock_ctl_inst/pll_mac_inst/inst/clk_125M_pll_mac |             8.0 |
| clk_25M_pll_mac  | clock_ctl_inst/pll_mac_inst/inst/clk_25M_pll_mac  |            40.0 |
| clkfbout_pll_mac | clock_ctl_inst/pll_mac_inst/inst/clkfbout_pll_mac |            10.0 |
| sys_clk          | sys_clk                                           |            10.0 |
+------------------+---------------------------------------------------+-----------------+


3. Detailed Reports
-------------------

3.1 By Hierarchy
----------------

+------------------+-----------+
| Name             | Power (W) |
+------------------+-----------+
| MAC_top          |     0.109 |
|   clock_ctl_inst |     0.105 |
|     pll_mac_inst |     0.104 |
|       inst       |     0.104 |
+------------------+-----------+


