Copyright 1986-2021 Xilinx, Inc. All Rights Reserved.
------------------------------------------------------------------------------------------------------------
| Tool Version : Vivado v.2021.2 (lin64) Build 3367213 Tue Oct 19 02:47:39 MDT 2021
| Date         : Sat May 28 14:15:56 2022
| Host         : mlyue running 64-bit Arch Linux
| Command      : report_drc -file MAC_top_drc_opted.rpt -pb MAC_top_drc_opted.pb -rpx MAC_top_drc_opted.rpx
| Design       : MAC_top
| Device       : xc7a200tfbv484-2
| Speed File   : -2
| Design State : Synthesized
------------------------------------------------------------------------------------------------------------

Report DRC

Table of Contents
-----------------
1. REPORT SUMMARY
2. REPORT DETAILS

1. REPORT SUMMARY
-----------------
            Netlist: netlist
          Floorplan: design_1
      Design limits: <entire design considered>
           Ruledeck: default
             Max violations: <unlimited>
             Violations found: 4
+-----------+------------------+-----------------------------------------------------+------------+
| Rule      | Severity         | Description                                         | Violations |
+-----------+------------------+-----------------------------------------------------+------------+
| NSTD-1    | Critical Warning | Unspecified I/O Standard                            | 1          |
| UCIO-1    | Critical Warning | Unconstrained Logical Port                          | 1          |
| CFGBVS-1  | Warning          | Missing CFGBVS and CONFIG_VOLTAGE Design Properties | 1          |
| REQP-1839 | Warning          | RAMB36 async control check                          | 1          |
+-----------+------------------+-----------------------------------------------------+------------+

2. REPORT DETAILS
-----------------
NSTD-1#1 Critical Warning
Unspecified I/O Standard  
193 out of 193 logical ports use I/O standard (IOSTANDARD) value 'DEFAULT', instead of a user assigned specific value. This may cause I/O contention or incompatibility with the board power or connectivity affecting performance, signal integrity or in extreme cases cause damage to the device or the components to which it is connected. To correct this violation, specify all I/O standards. This design will fail to generate a bitstream unless all logical ports have a user specified I/O standard value defined. To allow bitstream creation with unspecified I/O standard values (not recommended), use this command: set_property SEVERITY {Warning} [get_drc_checks NSTD-1].  NOTE: When using the Vivado Runs infrastructure (e.g. launch_runs Tcl command), add this command to a .tcl file and add that file as a pre-hook for write_bitstream step for the implementation run. Problem ports: MDIO_data, mac_rx_fifo_underflow, mac_rx_que_fifo_underflow,
mac_tx_fifo_overflow, mac_tx_fifo_wr_clk, mac_tx_que_fifo_almost_full,
mac_tx_que_fifo_din[17:0], mac_tx_que_fifo_full, mac_tx_que_fifo_overflow,
mac_tx_que_fifo_wr_en, mdc, rgmii_tx_ctl, rgmii_txd[3:0], sys_clk,
sys_rst_n (the first 15 of 30 listed).
Related violations: <none>

UCIO-1#1 Critical Warning
Unconstrained Logical Port  
193 out of 193 logical ports have no user assigned specific location constraint (LOC). This may cause I/O contention or incompatibility with the board power or connectivity affecting performance, signal integrity or in extreme cases cause damage to the device or the components to which it is connected. To correct this violation, specify all pin locations. This design will fail to generate a bitstream unless all logical ports have a user specified site LOC constraint defined.  To allow bitstream creation with unspecified pin locations (not recommended), use this command: set_property SEVERITY {Warning} [get_drc_checks UCIO-1].  NOTE: When using the Vivado Runs infrastructure (e.g. launch_runs Tcl command), add this command to a .tcl file and add that file as a pre-hook for write_bitstream step for the implementation run.  Problem ports: MDIO_data, mac_rx_fifo_underflow, mac_rx_que_fifo_underflow,
mac_tx_fifo_overflow, mac_tx_fifo_wr_clk, mac_tx_que_fifo_almost_full,
mac_tx_que_fifo_din[17:0], mac_tx_que_fifo_full, mac_tx_que_fifo_overflow,
mac_tx_que_fifo_wr_en, mdc, rgmii_tx_ctl, rgmii_txd[3:0], sys_clk,
sys_rst_n (the first 15 of 30 listed).
Related violations: <none>

CFGBVS-1#1 Warning
Missing CFGBVS and CONFIG_VOLTAGE Design Properties  
Neither the CFGBVS nor CONFIG_VOLTAGE voltage property is set in the current_design.  Configuration bank voltage select (CFGBVS) must be set to VCCO or GND, and CONFIG_VOLTAGE must be set to the correct configuration voltage, in order to determine the I/O voltage support for the pins in bank 0.  It is suggested to specify these either using the 'Edit Device Properties' function in the GUI or directly in the XDC file using the following syntax:

 set_property CFGBVS value1 [current_design]
 #where value1 is either VCCO or GND

 set_property CONFIG_VOLTAGE value2 [current_design]
 #where value2 is the voltage provided to configuration bank 0

Refer to the device configuration user guide for more information.
Related violations: <none>

REQP-1839#1 Warning
RAMB36 async control check  
The RAMB36E1 tx_fifo_top_inst/mac_tx_fifo_64x512_8x4096_inst/U0/inst_fifo_gen/gconvfifo.rf/grf.rf/gntv_or_sync_fifo.mem/gbm.gbmg.gbmga.ngecc.bmg/inst_blk_mem_gen/gnbram.gnativebmg.native_blk_mem_gen/valid.cstr/ramloop[0].ram.r/prim_noinit.ram/DEVICE_7SERIES.NO_BMM_INFO.SDP.WIDE_PRIM36_NO_ECC.ram has an input control pin tx_fifo_top_inst/mac_tx_fifo_64x512_8x4096_inst/U0/inst_fifo_gen/gconvfifo.rf/grf.rf/gntv_or_sync_fifo.mem/gbm.gbmg.gbmga.ngecc.bmg/inst_blk_mem_gen/gnbram.gnativebmg.native_blk_mem_gen/valid.cstr/ramloop[0].ram.r/prim_noinit.ram/DEVICE_7SERIES.NO_BMM_INFO.SDP.WIDE_PRIM36_NO_ECC.ram/ENARDEN (net: tx_fifo_top_inst/mac_tx_fifo_64x512_8x4096_inst/U0/inst_fifo_gen/gconvfifo.rf/grf.rf/gntv_or_sync_fifo.mem/gbm.gbmg.gbmga.ngecc.bmg/inst_blk_mem_gen/gnbram.gnativebmg.native_blk_mem_gen/valid.cstr/ramloop[0].ram.r/prim_noinit.ram/ENB_I) which is driven by a register (MAC_tx_ctl_inst/mac_tx_fifo_rd_en_reg) that has an active asychronous set or reset. This may cause corruption of the memory contents and/or read values when the set/reset is asserted and is not analyzed by the default static timing analysis. It is suggested to eliminate the use of a set/reset to registers driving this RAMB pin or else use a synchronous reset in which the assertion of the reset is timed by default.
Related violations: <none>


